[2025-01-09 10:07:33] [INFO] Получены новые данные формы
Data: Array
(
    [MODE] => dev
    [firstName] => ddd
    [secondName] => fdfd
    [phoneNumber] => 5555
    [email] => dolcegabbana2010@gmail.com
    [cv] => null
    [position] => Content Manager
    [positionList] => [object Object]
)

------------------------------------------------
[2025-01-09 10:07:33] [INFO] Режим разработки
------------------------------------------------
[2025-01-09 10:07:33] [INFO] Письмо отправлено
Data: Array
(
    [to] => dolcegabbana2010@gmail.com
    [subject] => Новая заявка с сайта
    [from] => dolcegabbana2010@gmail.com
    [message] => Новая заявка:

Имя: ddd
Фамилия: fdfd
Телефон: 5555
Email: dolcegabbana2010@gmail.com
Позиция: Content Manager

)

------------------------------------------------
[2025-01-09 10:55:41] [INFO] Получены новые данные формы
Data: Array
(
    [firstName] => ddd
    [secondName] => dd
    [phoneNumber] => 5555
    [email] => dolcegabbana2010@gmail.com
    [positionList] => Vip Manager
    [MODE] => dev
)

------------------------------------------------
[2025-01-09 10:55:41] [INFO] Режим разработки
------------------------------------------------
[2025-01-09 10:55:41] [INFO] Письмо отправлено
Data: Array
(
    [to] => dolcegabbana2010@gmail.com
    [subject] => Новая заявка с сайта
    [from] => dolcegabbana2010@gmail.com
    [message] => Новая заявка:

Имя: ddd
Фамилия: dd
Телефон: 5555
Email: dolcegabbana2010@gmail.com
Позиция: 

)

------------------------------------------------
[2025-01-09 11:15:51] [INFO] Получены новые данные формы
Data: Array
(
    [firstName] => Second Category
    [secondName] => ddd
    [phoneNumber] => ddd
    [email] => dolcegabbana2010@gmail.com
    [positionList] => Content Manager
    [MODE] => dev
)

------------------------------------------------
[2025-01-09 11:15:51] [INFO] Режим разработки
------------------------------------------------
[2025-01-09 11:15:51] [INFO] Письмо отправлено
Data: Array
(
    [to] => dolcegabbana2010@gmail.com
    [subject] => Новая заявка с сайта
    [from] => dolcegabbana2010@gmail.com
    [message] => Новая заявка:

Имя: Second Category
Фамилия: ddd
Телефон: ddd
Email: dolcegabbana2010@gmail.com
Позиция: 

)

------------------------------------------------
[2025-01-11 11:15:47] [INFO] Получены новые данные формы
Data: Array
(
    [firstName] => eee
    [secondName] => ddd
    [phoneNumber] => 099 328 2451
    [email] => dd@d.com
    [positionList] => Vip Manager
    [MODE] => dev
)

------------------------------------------------
[2025-01-11 11:15:47] [INFO] Режим разработки
------------------------------------------------
[2025-01-11 11:15:47] [INFO] Письмо отправлено
Data: Array
(
    [to] => dolcegabbana2010@gmail.com
    [subject] => Новая заявка с сайта
    [from] => dd@d.com
    [message] => Новая заявка:

Имя: eee
Фамилия: ddd
Телефон: 099 328 2451
Email: dd@d.com
Позиция: 

)

------------------------------------------------
